<?xml version="1.0" encoding="UTF-8"?>
<testng-results skipped="0" failed="0" ignored="0" total="1" passed="1">
  <reporter-output>
  </reporter-output>
  <suite name="Default suite" duration-ms="26059" started-at="2018-09-26T18:19:21Z" finished-at="2018-09-26T18:19:47Z">
    <groups>
    </groups>
    <test name="Default test" duration-ms="26059" started-at="2018-09-26T18:19:21Z" finished-at="2018-09-26T18:19:47Z">
      <class name="Testcase.Homepage_Text_TestCase">
        <test-method status="PASS" signature="Homepage_Text_module()[pri:0, instance:Testcase.Homepage_Text_TestCase@192d3247]" name="Homepage_Text_module" duration-ms="26010" started-at="2018-09-26T18:19:21Z" finished-at="2018-09-26T18:19:47Z">
          <reporter-output>
          </reporter-output>
        </test-method> <!-- Homepage_Text_module -->
      </class> <!-- Testcase.Homepage_Text_TestCase -->
    </test> <!-- Default test -->
  </suite> <!-- Default suite -->
</testng-results>
